A51 MACRO ASSEMBLER  3                                                                    09/01/2015 13:18:54 PAGE     1


MACRO ASSEMBLER A51 V7.08a
OBJECT MODULE PLACED IN 3.OBJ
ASSEMBLER INVOKED BY: C:\Keil\C51\BIN\A51.EXE 3.asm SET(SMALL) DEBUG EP

LOC  OBJ            LINE     SOURCE

----                   1     cseg at 0
0000 A88D              2     MOV r0,8DH
0002                   3     MOV a,#A2H
*** ________________________________^
*** ERROR #A45 IN 3 (3.asm, LINE 3): UNDEFINED SYMBOL (PASS-2)
0004 F6                4     MOV @r0,a
0005 758B3D            5     MOV 8BH,#3DH
                       6     end
A51 MACRO ASSEMBLER  3                                                                    09/01/2015 13:18:54 PAGE     2

SYMBOL TABLE LISTING
------ ----- -------


N A M E             T Y P E  V A L U E   ATTRIBUTES

A2H. . . . . . . .    ----   -----       


REGISTER BANK(S) USED: 0 


ASSEMBLY COMPLETE.  0 WARNING(S), 1 ERROR(S)
