A51 MACRO ASSEMBLER  DELAY_10MS1                                                          08/11/2015 20:03:39 PAGE     1


MACRO ASSEMBLER A51 V7.08a
OBJECT MODULE PLACED IN delay_10ms1.OBJ
ASSEMBLER INVOKED BY: C:\Keil2\C51\BIN\A51.EXE delay_10ms1.asm SET(SMALL) DEBUG EP

LOC  OBJ            LINE     SOURCE

                       1     ;$include (delay_1ms.asm)
0000            +1     2     delay_1ms:
0000 7FFA       +1     3     mov r7,#250;1mc
0002            +1     4     l1:
0002 DFFE       +1     5     djnz r7,l1;2*250
0004 7EF8       +1     6     mov r6,#248;1mc
0006            +1     7     l2:
0006 DEFE       +1     8     djnz r6,l2;2*248
0008 22         +1     9     ret        ;2mc
                +1    10     
                      11     
0009                  12     delay_10ms:
0009 7D09             13     mov r5,#09;1mc
000B                  14     l3:
000B 1100             15     acall delay_1ms;9*1ms=9ms
000D DDFC             16     djnz r5,l3     ;2*9=18mc
000F 7FFA             17     mov r7,#250    ;1mc
0011                  18     l4:
0011 DFFE             19     djnz r7,l4      ;2*250=500mc
0013 7DE4             20     mov r5,#228     ;1mc
0015                  21     l5:
0015 DDFE             22     djnz r5,l5      ;2*228=456mc
0017 780A             23     mov r0,#10      ;1mc
0019 D8FE             24     djnz r0,$       ;2*10mc
001B 22               25     ret  
                      26     end           ;2mc 
A51 MACRO ASSEMBLER  DELAY_10MS1                                                          08/11/2015 20:03:39 PAGE     2

SYMBOL TABLE LISTING
------ ----- -------


N A M E             T Y P E  V A L U E   ATTRIBUTES

DELAY_10MS . . . .  C ADDR   0009H   A   
DELAY_1MS. . . . .  C ADDR   0000H   A   
L1 . . . . . . . .  C ADDR   0002H   A   
L2 . . . . . . . .  C ADDR   0006H   A   
L3 . . . . . . . .  C ADDR   000BH   A   
L4 . . . . . . . .  C ADDR   0011H   A   
L5 . . . . . . . .  C ADDR   0015H   A   


REGISTER BANK(S) USED: 0 


ASSEMBLY COMPLETE.  0 WARNING(S), 0 ERROR(S)
