A51 MACRO ASSEMBLER  DELAY_100MS                                                          08/11/2015 20:04:22 PAGE     1


MACRO ASSEMBLER A51 V7.08a
OBJECT MODULE PLACED IN delay_100ms.OBJ
ASSEMBLER INVOKED BY: C:\Keil2\C51\BIN\A51.EXE delay_100ms.asm SET(SMALL) DEBUG EP

LOC  OBJ            LINE     SOURCE

                       1     ;$include (delay_10ms.asm)
0000            +1     2     delay_10ms:
0000 7D09       +1     3     mov r5,#09;1mc
0002            +1     4     l3:
0002 110F       +1     5     acall delay_1ms;9*1ms=9ms
0004 DDFC       +1     6     djnz r5,l3     ;2*9=18mc
0006 7FFA       +1     7     mov r7,#250    ;1mc
0008            +1     8     l4:
0008 DFFE       +1     9     djnz r7,l4      ;2*250=500mc
000A 7DE4       +1    10     mov r5,#228     ;1mc
000C            +1    11     l5:
000C DDFE       +1    12     djnz r5,l5      ;2*228=456mc
000E 22         +1    13     ret             ;2mc 
                      14     
                      15     ;$include (delay_1ms.asm)
000F            +1    16     delay_1ms:
000F 7FFA       +1    17     mov r7,#250;1mc
0011            +1    18     l1:
0011 DFFE       +1    19     djnz r7,l1;2*250
0013 7EF8       +1    20     mov r6,#248;1mc
0015            +1    21     l2:
0015 DEFE       +1    22     djnz r6,l2;2*248
0017 22         +1    23     ret        ;2mc
                +1    24     
                      25     
0018 7809             26     mov r0,#09       ;1mc
001A                  27     l:
001A 1100             28     acall delay_10ms  ;9*10ms
001C D8FC             29     djnz r0,l          ;2*9mc
001E 7809             30     mov r0,#09          ;1mc
0020                  31     s:
0020 110F             32     acall delay_1ms     ;1*9ms
0022 D8FC             33     djnz r0,s           ;2mc*9=18mc
0024 79FF             34     mov r1,#255          ;1mc
0026 D9FE             35     djnz r1,$            ;2*255=510mc
0028 7DE0             36     mov r5,#224          ;1mc
002A DDFE             37     djnz r5,$            ;2*224mc=448mc
002C 22               38     ret                  ;2mc
                      39     end
A51 MACRO ASSEMBLER  DELAY_100MS                                                          08/11/2015 20:04:22 PAGE     2

SYMBOL TABLE LISTING
------ ----- -------


N A M E             T Y P E  V A L U E   ATTRIBUTES

DELAY_10MS . . . .  C ADDR   0000H   A   
DELAY_1MS. . . . .  C ADDR   000FH   A   
L. . . . . . . . .  C ADDR   001AH   A   
L1 . . . . . . . .  C ADDR   0011H   A   
L2 . . . . . . . .  C ADDR   0015H   A   
L3 . . . . . . . .  C ADDR   0002H   A   
L4 . . . . . . . .  C ADDR   0008H   A   
L5 . . . . . . . .  C ADDR   000CH   A   
S. . . . . . . . .  C ADDR   0020H   A   


REGISTER BANK(S) USED: 0 


ASSEMBLY COMPLETE.  0 WARNING(S), 0 ERROR(S)
