C51 COMPILER V9.02   SPI_ADCMCP3204_MAIN                                                   09/29/2015 22:01:53 PAGE 1   


C51 COMPILER V9.02, COMPILATION OF MODULE SPI_ADCMCP3204_MAIN
OBJECT MODULE PLACED IN spi_adcmcp3204_main.OBJ
COMPILER INVOKED BY: C:\Keil\C51\BIN\C51.EXE spi_adcmcp3204_main.c BROWSE DEBUG OBJECTEXTEND

line level    source

   1          #include"P89V51Rx2.h"
   2          #include"spi_adcmcp3204.h"
   3          //#include"spi_adcmcp3204.c"
   4          #include"UART.h"
   5           main()
   6          {
   7   1      float n;
   8   1           init_uart();
   9   1       //   init_lcd();
  10   1       /*    cmd_lcd(0x80);
  11   1           delay_ms(10);
  12   1           cmd_lcd(0x01);     
  13   1               delay_ms(10);  */
  14   1        while(1)
  15   1        {
  16   2       //  uart_tx('N');
  17   2              n=read_adcmcp3204(0);
  18   2                 float_uart(n);
  19   2      uart_tx('\n');
  20   2      uart_tx('\r');
  21   2      
  22   2         //t=uart_rx();
  23   2         // char_lcd(t);
  24   2        // uart_tx(n+48);
  25   2        }
  26   1      
  27   1                                                                 
  28   1      }


MODULE INFORMATION:   STATIC OVERLAYABLE
   CODE SIZE        =     31    ----
   CONSTANT SIZE    =   ----    ----
   XDATA SIZE       =   ----    ----
   PDATA SIZE       =   ----    ----
   DATA SIZE        =   ----       4
   IDATA SIZE       =   ----    ----
   BIT SIZE         =   ----    ----
END OF MODULE INFORMATION.


C51 COMPILATION COMPLETE.  0 WARNING(S),  0 ERROR(S)
