C51 COMPILER V7.08   SMS_LCD                                                               10/08/2015 09:55:03 PAGE 1   


C51 COMPILER V7.08, COMPILATION OF MODULE SMS_LCD
OBJECT MODULE PLACED IN sms_lcd.OBJ
COMPILER INVOKED BY: C:\Keil2\C51\BIN\C51.EXE sms_lcd.c BROWSE DEBUG OBJECTEXTEND

line level    source

   1          #include"sms_keypad.h"
   2          void init_lcd(void)
   3           {
   4   1         delay_ms(5);
   5   1       /*  cmd_lcd(0x30);
   6   1         delay_ms(3);
   7   1         cmd_lcd(0x30);
   8   1         cmd_lcd(0x30);
   9   1      */
  10   1         cmd_lcd(0x02);
  11   1         cmd_lcd(0x01);
  12   1         cmd_lcd(0x0c);
  13   1         cmd_lcd(0x06);
  14   1         cmd_lcd(0x38);
  15   1         cmd_lcd(0x80);
  16   1       }
  17          void char_lcd(unsigned char dat)
  18          {
  19   1         rw=0;
  20   1         write_lcd(dat);   
  21   1      
  22   1      }
  23          void cmd_lcd(char cmd)
  24           {
  25   1          rs=0;
  26   1           write_lcd(cmd);
  27   1       
  28   1      }
  29          void write_lcd(char ch)
  30          {
  31   1         lcd_data=ch;
  32   1          rw=0;
  33   1              en=1;
  34   1              en=0;
  35   1      
  36   1      }
  37          
  38           void str_lcd(char *s)
  39           {
  40   1         while(*s)
  41   1                 char_lcd(*s++);
  42   1      
  43   1      }
  44          void delay_ms(unsigned int i)
  45          {
  46   1         unsigned int j;
  47   1          for(j=200;j>0;j--)
  48   1           {
  49   2            for(i;i>0;i--);
  50   2           }
  51   1      }
  52          


MODULE INFORMATION:   STATIC OVERLAYABLE
C51 COMPILER V7.08   SMS_LCD                                                               10/08/2015 09:55:03 PAGE 2   

   CODE SIZE        =    123    ----
   CONSTANT SIZE    =   ----    ----
   XDATA SIZE       =   ----    ----
   PDATA SIZE       =   ----    ----
   DATA SIZE        =   ----       3
   IDATA SIZE       =   ----    ----
   BIT SIZE         =   ----    ----
END OF MODULE INFORMATION.


C51 COMPILATION COMPLETE.  0 WARNING(S),  0 ERROR(S)
