C51 COMPILER V9.02   MIAN                                                                  09/28/2015 16:28:48 PAGE 1   


C51 COMPILER V9.02, COMPILATION OF MODULE MIAN
OBJECT MODULE PLACED IN mian.OBJ
COMPILER INVOKED BY: C:\Keil\C51\BIN\C51.EXE mian.c BROWSE DEBUG OBJECTEXTEND

line level    source

   1          #include"headers.h"
*** WARNING C318 IN LINE 1 OF headers.h: can't open file 'p89v51rx2.h'
*** ERROR C202 IN LINE 6 OF DEFINES.H: 'P1': undefined identifier
*** ERROR C202 IN LINE 7 OF DEFINES.H: 'P2': undefined identifier
*** ERROR C202 IN LINE 8 OF DEFINES.H: 'P3': undefined identifier
*** ERROR C202 IN LINE 9 OF DEFINES.H: 'P2': undefined identifier
*** ERROR C202 IN LINE 10 OF DEFINES.H: 'P3': undefined identifier
   2          main()
   3          {
   4   1       u8 P1=0x01;
   5   1       u8 P2=0x02;
   6   1       init_CANCONTROLLER();
   7   1       while(1)
   8   1       {
   9   2        while(IS_ANYKEYPRESSED);
  10   2        if(IS_KEY1PRESSED)
  11   2         CANframe_Tx(&P1,0,MESSAGE_ID1,1);
  12   2        if(IS_KEY2PRESSED)
  13   2         CANframe_Tx(&P2,0,MESSAGE_ID2,1);
  14   2       }      
  15   1       return 0;                                                                
  16   1      }

C51 COMPILATION COMPLETE.  1 WARNING(S),  5 ERROR(S)
