C51 COMPILER V9.02   MAIN                                                                  10/17/2015 20:30:57 PAGE 1   


C51 COMPILER V9.02, COMPILATION OF MODULE MAIN
OBJECT MODULE PLACED IN C:\ramakrishna\main.obj
COMPILER INVOKED BY: C:\Keil\C51\BIN\C51.EXE main.c BROWSE DEBUG OBJECTEXTEND OBJECT(C:\ramakrishna\main.obj)

line level    source

   1          #include"headers.h"
   2          
   3          u8 ch;
   4          u8 i;
   5          main()
   6          {
   7   1       init_CANCONTROLLER();
   8   1       while(1)
   9   1       {
  10   2        CAN_Rx();
  11   2        if(ch==0x01)
  12   2        {
  13   3         LED1=0;
  14   3         LED2=1;
  15   3        }
  16   2        if(ch==0x02)
  17   2        {
  18   3         LED2=0;
  19   3         LED1=1;
  20   3        }
  21   2       }
  22   1       return 0;
  23   1      }


MODULE INFORMATION:   STATIC OVERLAYABLE
   CODE SIZE        =     26    ----
   CONSTANT SIZE    =   ----    ----
   XDATA SIZE       =   ----    ----
   PDATA SIZE       =   ----    ----
   DATA SIZE        =      2    ----
   IDATA SIZE       =   ----    ----
   BIT SIZE         =   ----    ----
END OF MODULE INFORMATION.


C51 COMPILATION COMPLETE.  0 WARNING(S),  0 ERROR(S)
