C51 COMPILER V7.08   DELAY                                                                 10/02/2015 11:25:09 PAGE 1   


C51 COMPILER V7.08, COMPILATION OF MODULE DELAY
OBJECT MODULE PLACED IN C:\v14he8k6\HEX\delay.obj
COMPILER INVOKED BY: C:\Keil\C51\BIN\C51.EXE delay.c BROWSE DEBUG OBJECTEXTEND OBJECT(C:\v14he8k6\HEX\delay.obj)

line level    source

   1          void delay_ms(unsigned int i)
   2          {
   3   1      unsigned int j;
   4   1         for(;i>0;i--)
   5   1              {
   6   2                              for(j=123;j>0;j--);
   7   2      
   8   2              }
   9   1      
  10   1      }


MODULE INFORMATION:   STATIC OVERLAYABLE
   CODE SIZE        =     30    ----
   CONSTANT SIZE    =   ----    ----
   XDATA SIZE       =   ----    ----
   PDATA SIZE       =   ----    ----
   DATA SIZE        =   ----    ----
   IDATA SIZE       =   ----    ----
   BIT SIZE         =   ----    ----
END OF MODULE INFORMATION.


C51 COMPILATION COMPLETE.  0 WARNING(S),  0 ERROR(S)
