C51 COMPILER V7.08   KEYPAD3                                                               08/17/2015 19:49:57 PAGE 1   


C51 COMPILER V7.08, COMPILATION OF MODULE KEYPAD3
OBJECT MODULE PLACED IN keypad3.OBJ
COMPILER INVOKED BY: C:\Keil2\C51\BIN\C51.EXE keypad3.c BROWSE DEBUG OBJECTEXTEND

line level    source

   1          #include<reg51.h>
   2          //ROWS=LOW NIBBLE,COLS=UPPER NIBBLE
   3          #define KEYPAD_PORT P3
   4          code scan_codes[16]={0xee,0xde,0xbe,0x7e,
   5                                0xed,0xdd,0xbd,0x7d,
   6                                                     0xeb,0xdb,0xbb,0x7b,
   7                                                     0xe7,0xd7,0xb7,0x77};
   8          void init_rows(void)
   9          {
  10   1        KEYPAD_PORT=0xf0;
  11   1      }
  12          unsigned char keyscan(void)
  13          {
  14   1        unsigned char i;
  15   1        init_rows();
  16   1        //detect any keypress
  17   1        while(KEYPAD_PORT==0xf0)
  18   1            //identify keypress
  19   1                //identify row
  20   1              for(i=0;i<10;i++)
  21   1              {
  22   2                KEYPAD_PORT=0xf0|scan_codes[i];
  23   2            if(KEYPAD_PORT==scan_codes[i])
  24   2                  {
  25   3                 return i+1;
  26   3                       }
  27   2            }
  28   1      }
  29          //unsigned char keyscan(void);
  30          main()
  31          {
  32   1      while(1)
  33   1      {
  34   2        P2=keyscan();
  35   2      }
  36   1      }


MODULE INFORMATION:   STATIC OVERLAYABLE
   CODE SIZE        =     81    ----
   CONSTANT SIZE    =     32    ----
   XDATA SIZE       =   ----    ----
   PDATA SIZE       =   ----    ----
   DATA SIZE        =   ----    ----
   IDATA SIZE       =   ----    ----
   BIT SIZE         =   ----    ----
END OF MODULE INFORMATION.


C51 COMPILATION COMPLETE.  0 WARNING(S),  0 ERROR(S)
