C51 COMPILER V7.08   KEYPAD3_MAIN                                                          08/17/2015 19:47:47 PAGE 1   


C51 COMPILER V7.08, COMPILATION OF MODULE KEYPAD3_MAIN
OBJECT MODULE PLACED IN keypad3_main.OBJ
COMPILER INVOKED BY: C:\Keil2\C51\BIN\C51.EXE keypad3_main.c BROWSE DEBUG OBJECTEXTEND

line level    source

   1          //#include<reg51.h>
   2          #include"keypad3.c"
   3          extern unsigned char keyscan(void);
   4          main()
   5          {
   6   1      while(1)
   7   1      {
   8   2        P2=keyscan();
   9   2      }
  10   1      
  11   1      }


MODULE INFORMATION:   STATIC OVERLAYABLE
   CODE SIZE        =     81    ----
   CONSTANT SIZE    =     32    ----
   XDATA SIZE       =   ----    ----
   PDATA SIZE       =   ----    ----
   DATA SIZE        =   ----    ----
   IDATA SIZE       =   ----    ----
   BIT SIZE         =   ----    ----
END OF MODULE INFORMATION.


C51 COMPILATION COMPLETE.  0 WARNING(S),  0 ERROR(S)
